<?xml version="1.0" encoding="UTF-8"?>
<!-- Generated by org.testng.reporters.JUnitReportReporter -->
<testsuite hostname="ARBON" name="com.softserveinc.model.persist.home.ReviewHomeTest" tests="4" failures="0" timestamp="21 Dec 2015 18:59:36 GMT" time="0.175" errors="0">
  <testcase name="testFindAllReviews" time="0.013" classname="com.softserveinc.model.persist.home.ReviewHomeTest"/>
  <testcase name="testCreateBook" time="0.060" classname="com.softserveinc.model.persist.home.ReviewHomeTest"/>
  <testcase name="testUpdateReview" time="0.091" classname="com.softserveinc.model.persist.home.ReviewHomeTest"/>
  <testcase name="testFindByIdBook" time="0.011" classname="com.softserveinc.model.persist.home.ReviewHomeTest"/>
</testsuite> <!-- com.softserveinc.model.persist.home.ReviewHomeTest -->
