<?xml version="1.0" encoding="UTF-8"?>
<!-- Generated by org.testng.reporters.JUnitReportReporter -->
<testsuite hostname="ARBON" name="com.softserveinc.model.persist.facade.AuthorFacadeTest" tests="2" failures="0" timestamp="21 Dec 2015 18:59:36 GMT" time="0.042" errors="0">
  <testcase name="testFindAllAuthorsByBook" time="0.033" classname="com.softserveinc.model.persist.facade.AuthorFacadeTest"/>
  <testcase name="testFindAuthorByFullName" time="0.009" classname="com.softserveinc.model.persist.facade.AuthorFacadeTest"/>
</testsuite> <!-- com.softserveinc.model.persist.facade.AuthorFacadeTest -->
