<?xml version="1.0" encoding="UTF-8"?>
<!-- Generated by org.testng.reporters.JUnitReportReporter -->
<testsuite hostname="Pavlo" name="com.softserveinc.model.persist.home.AuthorHomeTest" tests="4" failures="0" timestamp="20 Dec 2015 22:20:55 GMT" time="0.079" errors="0">
  <testcase name="testFindByIdAuthor" time="0.005" classname="com.softserveinc.model.persist.home.AuthorHomeTest"/>
  <testcase name="testUpdateAuthor" time="0.038" classname="com.softserveinc.model.persist.home.AuthorHomeTest"/>
  <testcase name="testCreateAuthor" time="0.031" classname="com.softserveinc.model.persist.home.AuthorHomeTest"/>
  <testcase name="testFindAllAuthors" time="0.005" classname="com.softserveinc.model.persist.home.AuthorHomeTest"/>
</testsuite> <!-- com.softserveinc.model.persist.home.AuthorHomeTest -->
