<?xml version="1.0" encoding="UTF-8"?>
<!-- Generated by org.testng.reporters.JUnitReportReporter -->
<testsuite hostname="Pavlo" name="com.softserveinc.model.persist.facade.BookFacadeTest" tests="4" failures="0" timestamp="11 Feb 2016 19:13:31 GMT" time="0.312" errors="0">
  <testcase name="testFindBooksByAuthor" time="0.115" classname="com.softserveinc.model.persist.facade.BookFacadeTest"/>
  <testcase name="testFindCountBooks" time="0.006" classname="com.softserveinc.model.persist.facade.BookFacadeTest"/>
  <testcase name="testFindBookByISNBN" time="0.179" classname="com.softserveinc.model.persist.facade.BookFacadeTest"/>
  <testcase name="testFindBookByName" time="0.012" classname="com.softserveinc.model.persist.facade.BookFacadeTest"/>
</testsuite> <!-- com.softserveinc.model.persist.facade.BookFacadeTest -->
