<?xml version="1.0" encoding="UTF-8"?>
<!-- Generated by org.testng.reporters.JUnitReportReporter -->
<testsuite hostname="ARBON" name="com.softserveinc.booklibrary.test.manager.AuthorManagerTest" tests="30" failures="0" timestamp="6 Feb 2016 19:22:10 GMT" time="2.643" errors="0">
  <testcase name="testNegativeBulkDeleteAuthors" time="0.098" classname="com.softserveinc.booklibrary.test.manager.AuthorManagerTest"/>
  <testcase name="testNegativeUpdateAuthor" time="0.051" classname="com.softserveinc.booklibrary.test.manager.AuthorManagerTest"/>
  <testcase name="testNegativeDeleteAuthorWithNoBooks" time="0.044" classname="com.softserveinc.booklibrary.test.manager.AuthorManagerTest"/>
  <testcase name="testNegativeUpdateAuthor" time="0.053" classname="com.softserveinc.booklibrary.test.manager.AuthorManagerTest"/>
  <testcase name="testNegativeUpdateAuthor" time="0.050" classname="com.softserveinc.booklibrary.test.manager.AuthorManagerTest"/>
  <testcase name="testNegativeUpdateAuthor" time="0.055" classname="com.softserveinc.booklibrary.test.manager.AuthorManagerTest"/>
  <testcase name="testNegativeUpdateAuthor" time="0.059" classname="com.softserveinc.booklibrary.test.manager.AuthorManagerTest"/>
  <testcase name="testNegativeCreateAuthor" time="0.084" classname="com.softserveinc.booklibrary.test.manager.AuthorManagerTest"/>
  <testcase name="testNegativeCreateAuthor" time="0.054" classname="com.softserveinc.booklibrary.test.manager.AuthorManagerTest"/>
  <testcase name="testNegativeCreateAuthor" time="0.065" classname="com.softserveinc.booklibrary.test.manager.AuthorManagerTest"/>
  <testcase name="testCreateAuthor" time="0.394" classname="com.softserveinc.booklibrary.test.manager.AuthorManagerTest"/>
  <testcase name="testNegativeDeleteAuthor" time="0.027" classname="com.softserveinc.booklibrary.test.manager.AuthorManagerTest"/>
  <testcase name="testNegativeUpdateAuthor" time="0.062" classname="com.softserveinc.booklibrary.test.manager.AuthorManagerTest"/>
  <testcase name="testNegativeUpdateAuthor" time="0.053" classname="com.softserveinc.booklibrary.test.manager.AuthorManagerTest"/>
  <testcase name="testUpdateAuthor" time="0.360" classname="com.softserveinc.booklibrary.test.manager.AuthorManagerTest"/>
  <testcase name="testNegativeUpdateAuthor" time="0.046" classname="com.softserveinc.booklibrary.test.manager.AuthorManagerTest"/>
  <testcase name="testDeleteAuthor" time="0.340" classname="com.softserveinc.booklibrary.test.manager.AuthorManagerTest"/>
  <testcase name="testNegativeCreateAuthor" time="0.079" classname="com.softserveinc.booklibrary.test.manager.AuthorManagerTest"/>
  <testcase name="testNegativeCreateAuthor" time="0.055" classname="com.softserveinc.booklibrary.test.manager.AuthorManagerTest"/>
  <testcase name="testNegativeCreateAuthor" time="0.061" classname="com.softserveinc.booklibrary.test.manager.AuthorManagerTest"/>
  <testcase name="testNegativeUpdateAuthor" time="0.053" classname="com.softserveinc.booklibrary.test.manager.AuthorManagerTest"/>
  <testcase name="testNegativeCreateAuthor" time="0.053" classname="com.softserveinc.booklibrary.test.manager.AuthorManagerTest"/>
  <testcase name="testNegativeUpdateAuthor" time="0.054" classname="com.softserveinc.booklibrary.test.manager.AuthorManagerTest"/>
  <testcase name="testBulkDeleteAuthor" time="0.057" classname="com.softserveinc.booklibrary.test.manager.AuthorManagerTest"/>
  <testcase name="testNegativeCreateAuthor" time="0.057" classname="com.softserveinc.booklibrary.test.manager.AuthorManagerTest"/>
  <testcase name="testNegativeCreateAuthor" time="0.065" classname="com.softserveinc.booklibrary.test.manager.AuthorManagerTest"/>
  <testcase name="testNegativeCreateAuthor" time="0.056" classname="com.softserveinc.booklibrary.test.manager.AuthorManagerTest"/>
  <testcase name="testNegativeCreateAuthor" time="0.055" classname="com.softserveinc.booklibrary.test.manager.AuthorManagerTest"/>
  <testcase name="testNegativeDeleteAuthor" time="0.040" classname="com.softserveinc.booklibrary.test.manager.AuthorManagerTest"/>
  <testcase name="testNegativeUpdateAuthor" time="0.063" classname="com.softserveinc.booklibrary.test.manager.AuthorManagerTest"/>
</testsuite> <!-- com.softserveinc.booklibrary.test.manager.AuthorManagerTest -->
