<?xml version="1.0" encoding="UTF-8"?>
<!-- Generated by org.testng.reporters.JUnitReportReporter -->
<testsuite hostname="ARBON" name="com.softserveinc.booklibrary.test.rest.AuthorRestTest" tests="1" failures="0" timestamp="6 Feb 2016 15:40:54 GMT" time="0.528" errors="1">
  <testcase name="testFindById" time="0.528" classname="com.softserveinc.booklibrary.test.rest.AuthorRestTest">
    <error type="java.lang.RuntimeException" message="Could not inject members">
      <![CDATA[java.lang.RuntimeException: Could not inject members
	at org.jboss.arquillian.testenricher.cdi.CDIInjectionEnricher.injectClass(CDIInjectionEnricher.java:135)
	at org.jboss.arquillian.testenricher.cdi.CDIInjectionEnricher.enrich(CDIInjectionEnricher.java:78)
	at org.jboss.arquillian.test.impl.TestInstanceEnricher.enrich(TestInstanceEnricher.java:52)
	at sun.reflect.NativeMethodAccessorImpl.invoke0(Native Method)
	at sun.reflect.NativeMethodAccessorImpl.invoke(NativeMethodAccessorImpl.java:62)
	at sun.reflect.DelegatingMethodAccessorImpl.invoke(DelegatingMethodAccessorImpl.java:43)
	at java.lang.reflect.Method.invoke(Method.java:497)
	at org.jboss.arquillian.core.impl.ObserverImpl.invoke(ObserverImpl.java:94)
	at org.jboss.arquillian.core.impl.EventContextImpl.invokeObservers(EventContextImpl.java:99)
	at org.jboss.arquillian.core.impl.EventContextImpl.proceed(EventContextImpl.java:81)
	at org.jboss.arquillian.test.impl.TestContextHandler.createTestContext(TestContextHandler.java:102)
	at sun.reflect.NativeMethodAccessorImpl.invoke0(Native Method)
	at sun.reflect.NativeMethodAccessorImpl.invoke(NativeMethodAccessorImpl.java:62)
	at sun.reflect.DelegatingMethodAccessorImpl.invoke(DelegatingMethodAccessorImpl.java:43)
	at java.lang.reflect.Method.invoke(Method.java:497)
	at org.jboss.arquillian.core.impl.ObserverImpl.invoke(ObserverImpl.java:94)
	at org.jboss.arquillian.core.impl.EventContextImpl.proceed(EventContextImpl.java:88)
	at org.jboss.arquillian.test.impl.TestContextHandler.createClassContext(TestContextHandler.java:84)
	at sun.reflect.NativeMethodAccessorImpl.invoke0(Native Method)
	at sun.reflect.NativeMethodAccessorImpl.invoke(NativeMethodAccessorImpl.java:62)
	at sun.reflect.DelegatingMethodAccessorImpl.invoke(DelegatingMethodAccessorImpl.java:43)
	at java.lang.reflect.Method.invoke(Method.java:497)
	at org.jboss.arquillian.core.impl.ObserverImpl.invoke(ObserverImpl.java:94)
	at org.jboss.arquillian.core.impl.EventContextImpl.proceed(EventContextImpl.java:88)
	at org.jboss.arquillian.test.impl.TestContextHandler.createSuiteContext(TestContextHandler.java:65)
	at sun.reflect.NativeMethodAccessorImpl.invoke0(Native Method)
	at sun.reflect.NativeMethodAccessorImpl.invoke(NativeMethodAccessorImpl.java:62)
	at sun.reflect.DelegatingMethodAccessorImpl.invoke(DelegatingMethodAccessorImpl.java:43)
	at java.lang.reflect.Method.invoke(Method.java:497)
	at org.jboss.arquillian.core.impl.ObserverImpl.invoke(ObserverImpl.java:94)
	at org.jboss.arquillian.core.impl.EventContextImpl.proceed(EventContextImpl.java:88)
	at org.jboss.arquillian.core.impl.ManagerImpl.fire(ManagerImpl.java:135)
	at org.jboss.arquillian.core.impl.ManagerImpl.fire(ManagerImpl.java:115)
	at org.jboss.arquillian.test.impl.EventTestRunnerAdaptor.before(EventTestRunnerAdaptor.java:95)
	at org.jboss.arquillian.testng.Arquillian.arquillianBeforeTest(Arquillian.java:130)
	at sun.reflect.NativeMethodAccessorImpl.invoke0(Native Method)
	at sun.reflect.NativeMethodAccessorImpl.invoke(NativeMethodAccessorImpl.java:62)
	at sun.reflect.DelegatingMethodAccessorImpl.invoke(DelegatingMethodAccessorImpl.java:43)
	at java.lang.reflect.Method.invoke(Method.java:497)
	at org.testng.internal.MethodInvocationHelper.invokeMethod(MethodInvocationHelper.java:85)
	at org.testng.internal.Invoker.invokeConfigurationMethod(Invoker.java:510)
	at org.testng.internal.Invoker.invokeConfigurations(Invoker.java:211)
	at org.testng.internal.Invoker.invokeMethod(Invoker.java:585)
	at org.testng.internal.Invoker.invokeTestMethod(Invoker.java:816)
	at org.testng.internal.Invoker.invokeTestMethods(Invoker.java:1124)
	at org.testng.internal.TestMethodWorker.invokeTestMethods(TestMethodWorker.java:125)
	at org.testng.internal.TestMethodWorker.run(TestMethodWorker.java:108)
	at org.testng.TestRunner.privateRun(TestRunner.java:774)
	at org.testng.TestRunner.run(TestRunner.java:624)
	at org.testng.SuiteRunner.runTest(SuiteRunner.java:359)
	at org.testng.SuiteRunner.runSequentially(SuiteRunner.java:354)
	at org.testng.SuiteRunner.privateRun(SuiteRunner.java:312)
	at org.testng.SuiteRunner.run(SuiteRunner.java:261)
	at org.testng.SuiteRunnerWorker.runSuite(SuiteRunnerWorker.java:52)
	at org.testng.SuiteRunnerWorker.run(SuiteRunnerWorker.java:86)
	at org.testng.TestNG.runSuitesSequentially(TestNG.java:1215)
	at org.testng.TestNG.runSuitesLocally(TestNG.java:1140)
	at org.testng.TestNG.run(TestNG.java:1048)
	at org.jboss.arquillian.testng.container.TestNGTestRunner.execute(TestNGTestRunner.java:53)
	at org.jboss.arquillian.protocol.servlet.runner.ServletTestRunner.executeTest(ServletTestRunner.java:160)
	at org.jboss.arquillian.protocol.servlet.runner.ServletTestRunner.execute(ServletTestRunner.java:126)
	at org.jboss.arquillian.protocol.servlet.runner.ServletTestRunner.doGet(ServletTestRunner.java:90)
	at javax.servlet.http.HttpServlet.service(HttpServlet.java:687)
	at javax.servlet.http.HttpServlet.service(HttpServlet.java:790)
	at io.undertow.servlet.handlers.ServletHandler.handleRequest(ServletHandler.java:86)
	at io.undertow.servlet.handlers.security.ServletSecurityRoleHandler.handleRequest(ServletSecurityRoleHandler.java:62)
	at io.undertow.servlet.handlers.ServletDispatchingHandler.handleRequest(ServletDispatchingHandler.java:36)
	at org.wildfly.extension.undertow.security.SecurityContextAssociationHandler.handleRequest(SecurityContextAssociationHandler.java:78)
	at io.undertow.server.handlers.PredicateHandler.handleRequest(PredicateHandler.java:43)
	at io.undertow.servlet.handlers.security.SSLInformationAssociationHandler.handleRequest(SSLInformationAssociationHandler.java:131)
	at io.undertow.servlet.handlers.security.ServletAuthenticationCallHandler.handleRequest(ServletAuthenticationCallHandler.java:57)
	at io.undertow.server.handlers.PredicateHandler.handleRequest(PredicateHandler.java:43)
	at io.undertow.security.handlers.AbstractConfidentialityHandler.handleRequest(AbstractConfidentialityHandler.java:46)
	at io.undertow.servlet.handlers.security.ServletConfidentialityConstraintHandler.handleRequest(ServletConfidentialityConstraintHandler.java:64)
	at io.undertow.security.handlers.AuthenticationMechanismsHandler.handleRequest(AuthenticationMechanismsHandler.java:58)
	at io.undertow.servlet.handlers.security.CachedAuthenticatedSessionHandler.handleRequest(CachedAuthenticatedSessionHandler.java:72)
	at io.undertow.security.handlers.NotificationReceiverHandler.handleRequest(NotificationReceiverHandler.java:50)
	at io.undertow.security.handlers.SecurityInitialHandler.handleRequest(SecurityInitialHandler.java:76)
	at io.undertow.server.handlers.PredicateHandler.handleRequest(PredicateHandler.java:43)
	at org.wildfly.extension.undertow.security.jacc.JACCContextIdHandler.handleRequest(JACCContextIdHandler.java:61)
	at io.undertow.server.handlers.PredicateHandler.handleRequest(PredicateHandler.java:43)
	at io.undertow.server.handlers.PredicateHandler.handleRequest(PredicateHandler.java:43)
	at io.undertow.servlet.handlers.ServletInitialHandler.handleFirstRequest(ServletInitialHandler.java:282)
	at io.undertow.servlet.handlers.ServletInitialHandler.dispatchRequest(ServletInitialHandler.java:261)
	at io.undertow.servlet.handlers.ServletInitialHandler.access$000(ServletInitialHandler.java:80)
	at io.undertow.servlet.handlers.ServletInitialHandler$1.handleRequest(ServletInitialHandler.java:172)
	at io.undertow.server.Connectors.executeRootHandler(Connectors.java:199)
	at io.undertow.server.HttpServerExchange$1.run(HttpServerExchange.java:774)
	at java.util.concurrent.ThreadPoolExecutor.runWorker(ThreadPoolExecutor.java:1142)
	at java.util.concurrent.ThreadPoolExecutor$Worker.run(ThreadPoolExecutor.java:617)
	at java.lang.Thread.run(Thread.java:745)
Caused by: java.lang.IllegalArgumentException: WFLYWELD0044: Error injecting resource into CDI managed bean. Can't find a resource named java:comp/env/com.softserveinc.booklibrary.test.rest.AuthorRestTest/authorClient
	at org.jboss.as.weld.services.bootstrap.WeldEjbInjectionServices.doLookup(WeldEjbInjectionServices.java:240)
	at org.jboss.as.weld.services.bootstrap.WeldEjbInjectionServices$1.createResource(WeldEjbInjectionServices.java:113)
	at org.jboss.weld.injection.AbstractResourceInjection.getResourceReference(AbstractResourceInjection.java:44)
	at org.jboss.weld.injection.AbstractResourceInjection.injectResourceReference(AbstractResourceInjection.java:53)
	at org.jboss.weld.util.Beans.injectEEFields(Beans.java:348)
	at org.jboss.weld.injection.producer.ResourceInjector$1.proceed(ResourceInjector.java:69)
	at org.jboss.weld.injection.InjectionContextImpl.run(InjectionContextImpl.java:48)
	at org.jboss.weld.injection.producer.ResourceInjector.inject(ResourceInjector.java:72)
	at org.jboss.weld.injection.producer.BasicInjectionTarget.inject(BasicInjectionTarget.java:121)
	at org.jboss.arquillian.testenricher.cdi.CDIInjectionEnricher.injectNonContextualInstance(CDIInjectionEnricher.java:145)
	at org.jboss.arquillian.testenricher.cdi.CDIInjectionEnricher.injectClass(CDIInjectionEnricher.java:125)
	... 90 more
Caused by: javax.naming.NameNotFoundException: env/com.softserveinc.booklibrary.test.rest.AuthorRestTest/authorClient -- service jboss.naming.context.java.module.test.test.env."com.softserveinc.booklibrary.test.rest.AuthorRestTest".authorClient
	at org.jboss.as.naming.ServiceBasedNamingStore.lookup(ServiceBasedNamingStore.java:106)
	at org.jboss.as.naming.NamingContext.lookup(NamingContext.java:207)
	at org.jboss.as.naming.NamingContext.lookup(NamingContext.java:184)
	at org.jboss.as.naming.InitialContext$DefaultInitialContext.lookup(InitialContext.java:237)
	at org.jboss.as.naming.NamingContext.lookup(NamingContext.java:193)
	at org.jboss.as.naming.NamingContext.lookup(NamingContext.java:189)
	at javax.naming.InitialContext.lookup(InitialContext.java:417)
	at javax.naming.InitialContext.lookup(InitialContext.java:417)
	at org.jboss.as.weld.services.bootstrap.WeldEjbInjectionServices.doLookup(WeldEjbInjectionServices.java:238)
	... 100 more
]]>
    </error>
  </testcase> <!-- testFindById -->
</testsuite> <!-- com.softserveinc.booklibrary.test.rest.AuthorRestTest -->
