<?xml version="1.0" encoding="UTF-8"?>
<!-- Generated by org.testng.reporters.JUnitReportReporter -->
<testsuite hostname="Pavlo" name="com.softserveinc.model.persist.home.BookHomeTest" tests="7" failures="0" timestamp="11 Jan 2016 22:04:25 GMT" time="1.277" errors="0">
  <testcase name="testUpdateBook" time="0.139" classname="com.softserveinc.model.persist.home.BookHomeTest"/>
  <testcase name="testFindByIdBook" time="0.019" classname="com.softserveinc.model.persist.home.BookHomeTest"/>
  <testcase name="testCreateBook" time="0.263" classname="com.softserveinc.model.persist.home.BookHomeTest"/>
  <testcase name="testFindAllBooks" time="0.097" classname="com.softserveinc.model.persist.home.BookHomeTest"/>
  <testcase name="testCreateBookWithAlreadyExistISBN" time="0.073" classname="com.softserveinc.model.persist.home.BookHomeTest"/>
  <testcase name="testDeleteBook" time="0.618" classname="com.softserveinc.model.persist.home.BookHomeTest"/>
  <testcase name="testCreateBookWithAuthors" time="0.068" classname="com.softserveinc.model.persist.home.BookHomeTest"/>
</testsuite> <!-- com.softserveinc.model.persist.home.BookHomeTest -->
