<?xml version="1.0" encoding="UTF-8"?>
<!-- Generated by org.testng.reporters.JUnitReportReporter -->
<testsuite hostname="ARBON" name="com.softserveinc.model.persist.facade.AuthorFacadeTest" tests="2" failures="0" timestamp="12 Feb 2016 09:37:39 GMT" time="0.209" errors="0">
  <testcase name="testFindAllAuthorsByBook" time="0.204" classname="com.softserveinc.model.persist.facade.AuthorFacadeTest"/>
  <testcase name="testFindAuthorByFullName" time="0.005" classname="com.softserveinc.model.persist.facade.AuthorFacadeTest"/>
</testsuite> <!-- com.softserveinc.model.persist.facade.AuthorFacadeTest -->
