<?xml version="1.0" encoding="UTF-8"?>
<!-- Generated by org.testng.reporters.JUnitReportReporter -->
<testsuite hostname="ARBON" name="com.softserveinc.model.persist.facade.AuthorFacadeTest" tests="2" failures="0" timestamp="11 Feb 2016 14:25:44 GMT" time="0.202" errors="0">
  <testcase name="testFindAllAuthorsByBook" time="0.193" classname="com.softserveinc.model.persist.facade.AuthorFacadeTest"/>
  <testcase name="testFindAuthorByFullName" time="0.009" classname="com.softserveinc.model.persist.facade.AuthorFacadeTest"/>
</testsuite> <!-- com.softserveinc.model.persist.facade.AuthorFacadeTest -->
