<?xml version="1.0" encoding="UTF-8"?>
<!-- Generated by org.testng.reporters.JUnitReportReporter -->
<testsuite hostname="ARBON" name="com.softserveinc.model.persist.home.BookHomeTest" tests="1" failures="0" timestamp="4 Feb 2016 10:15:30 GMT" time="0.000" errors="1">
  <testcase name="testCreateBookWithAlreadyExistISBN" time="0.000" classname="com.softserveinc.model.persist.home.BookHomeTest">
    <error type="javax.ejb.EJBException" message="No EJBContainer provider available
Provider named org.jboss.as.embedded.ejb3.JBossStandaloneEJBContainerProvider threw unexpected exception at create EJBContainer: 
java.lang.IllegalStateException
java.lang.IllegalStateException: JBAS011139: Cannot find system property: jboss.home
	at org.jboss.as.embedded.ejb3.JBossStandaloneEJBContainerProvider.createEJBContainer(JBossStandaloneEJBContainerProvider.java:72)
	at javax.ejb.embeddable.EJBContainer.createEJBContainer(EJBContainer.java:127)
	at com.softserveinc.model.util.TestHelper.getInitialContext(TestHelper.java:63)
	at com.softserveinc.model.util.TestHelper.&lt;init&gt;(TestHelper.java:33)
	at com.softserveinc.model.util.TestHelper.getInstance(TestHelper.java:46)
	at com.softserveinc.model.util.BaseTest.getRemoteBeans(BaseTest.java:46)
	at sun.reflect.NativeMethodAccessorImpl.invoke0(Native Method)
	at sun.reflect.NativeMethodAccessorImpl.invoke(NativeMethodAccessorImpl.java:62)
	at sun.reflect.DelegatingMethodAccessorImpl.invoke(DelegatingMethodAccessorImpl.java:43)
	at java.lang.reflect.Method.invoke(Method.java:497)
	at org.testng.internal.MethodInvocationHelper.invokeMethod(MethodInvocationHelper.java:85)
	at org.testng.internal.Invoker.invokeConfigurationMethod(Invoker.java:510)
	at org.testng.internal.Invoker.invokeConfigurations(Invoker.java:211)
	at org.testng.internal.Invoker.invokeConfigurations(Invoker.java:138)
	at org.testng.SuiteRunner.privateRun(SuiteRunner.java:298)
	at org.testng.SuiteRunner.run(SuiteRunner.java:261)
	at org.testng.SuiteRunnerWorker.runSuite(SuiteRunnerWorker.java:52)
	at org.testng.SuiteRunnerWorker.run(SuiteRunnerWorker.java:86)
	at org.testng.TestNG.runSuitesSequentially(TestNG.java:1215)
	at org.testng.TestNG.runSuitesLocally(TestNG.java:1140)
	at org.testng.TestNG.run(TestNG.java:1048)
	at org.testng.remote.RemoteTestNG.run(RemoteTestNG.java:112)
	at org.testng.remote.RemoteTestNG.initAndRun(RemoteTestNG.java:205)
	at org.testng.remote.RemoteTestNG.main(RemoteTestNG.java:176)


">
      <![CDATA[javax.ejb.EJBException: No EJBContainer provider available
Provider named org.jboss.as.embedded.ejb3.JBossStandaloneEJBContainerProvider threw unexpected exception at create EJBContainer: 
java.lang.IllegalStateException
java.lang.IllegalStateException: JBAS011139: Cannot find system property: jboss.home
	at org.jboss.as.embedded.ejb3.JBossStandaloneEJBContainerProvider.createEJBContainer(JBossStandaloneEJBContainerProvider.java:72)
	at javax.ejb.embeddable.EJBContainer.createEJBContainer(EJBContainer.java:127)
	at com.softserveinc.model.util.TestHelper.getInitialContext(TestHelper.java:63)
	at com.softserveinc.model.util.TestHelper.<init>(TestHelper.java:33)
	at com.softserveinc.model.util.TestHelper.getInstance(TestHelper.java:46)
	at com.softserveinc.model.util.BaseTest.getRemoteBeans(BaseTest.java:46)
	at sun.reflect.NativeMethodAccessorImpl.invoke0(Native Method)
	at sun.reflect.NativeMethodAccessorImpl.invoke(NativeMethodAccessorImpl.java:62)
	at sun.reflect.DelegatingMethodAccessorImpl.invoke(DelegatingMethodAccessorImpl.java:43)
	at java.lang.reflect.Method.invoke(Method.java:497)
	at org.testng.internal.MethodInvocationHelper.invokeMethod(MethodInvocationHelper.java:85)
	at org.testng.internal.Invoker.invokeConfigurationMethod(Invoker.java:510)
	at org.testng.internal.Invoker.invokeConfigurations(Invoker.java:211)
	at org.testng.internal.Invoker.invokeConfigurations(Invoker.java:138)
	at org.testng.SuiteRunner.privateRun(SuiteRunner.java:298)
	at org.testng.SuiteRunner.run(SuiteRunner.java:261)
	at org.testng.SuiteRunnerWorker.runSuite(SuiteRunnerWorker.java:52)
	at org.testng.SuiteRunnerWorker.run(SuiteRunnerWorker.java:86)
	at org.testng.TestNG.runSuitesSequentially(TestNG.java:1215)
	at org.testng.TestNG.runSuitesLocally(TestNG.java:1140)
	at org.testng.TestNG.run(TestNG.java:1048)
	at org.testng.remote.RemoteTestNG.run(RemoteTestNG.java:112)
	at org.testng.remote.RemoteTestNG.initAndRun(RemoteTestNG.java:205)
	at org.testng.remote.RemoteTestNG.main(RemoteTestNG.java:176)



	at javax.ejb.embeddable.EJBContainer.reportError(EJBContainer.java:216)
	at javax.ejb.embeddable.EJBContainer.createEJBContainer(EJBContainer.java:146)
	at com.softserveinc.model.util.TestHelper.getInitialContext(TestHelper.java:63)
	at com.softserveinc.model.util.TestHelper.<init>(TestHelper.java:33)
	at com.softserveinc.model.util.TestHelper.getInstance(TestHelper.java:46)
	at com.softserveinc.model.util.BaseTest.getRemoteBeans(BaseTest.java:46)
	at sun.reflect.NativeMethodAccessorImpl.invoke0(Native Method)
	at sun.reflect.NativeMethodAccessorImpl.invoke(NativeMethodAccessorImpl.java:62)
	at sun.reflect.DelegatingMethodAccessorImpl.invoke(DelegatingMethodAccessorImpl.java:43)
	at java.lang.reflect.Method.invoke(Method.java:497)
	at org.testng.internal.MethodInvocationHelper.invokeMethod(MethodInvocationHelper.java:85)
	at org.testng.internal.Invoker.invokeConfigurationMethod(Invoker.java:510)
	at org.testng.internal.Invoker.invokeConfigurations(Invoker.java:211)
	at org.testng.internal.Invoker.invokeConfigurations(Invoker.java:138)
	at org.testng.SuiteRunner.privateRun(SuiteRunner.java:298)
	at org.testng.SuiteRunner.run(SuiteRunner.java:261)
	at org.testng.SuiteRunnerWorker.runSuite(SuiteRunnerWorker.java:52)
	at org.testng.SuiteRunnerWorker.run(SuiteRunnerWorker.java:86)
	at org.testng.TestNG.runSuitesSequentially(TestNG.java:1215)
	at org.testng.TestNG.runSuitesLocally(TestNG.java:1140)
	at org.testng.TestNG.run(TestNG.java:1048)
	at org.testng.remote.RemoteTestNG.run(RemoteTestNG.java:112)
	at org.testng.remote.RemoteTestNG.initAndRun(RemoteTestNG.java:205)
	at org.testng.remote.RemoteTestNG.main(RemoteTestNG.java:176)
]]>
    </error>
  </testcase> <!-- testCreateBookWithAlreadyExistISBN -->
</testsuite> <!-- com.softserveinc.model.persist.home.BookHomeTest -->
