<?xml version="1.0" encoding="UTF-8"?>
<!-- Generated by org.testng.reporters.JUnitReportReporter -->
<testsuite hostname="ARBON" name="com.softserveinc.model.persist.facade.ReviewFacadeTest" tests="2" failures="0" timestamp="21 Dec 2015 18:59:36 GMT" time="0.029" errors="0">
  <testcase name="testFindAllReviewsByCommenter" time="0.014" classname="com.softserveinc.model.persist.facade.ReviewFacadeTest"/>
  <testcase name="testFindAverageRatingForBook" time="0.015" classname="com.softserveinc.model.persist.facade.ReviewFacadeTest"/>
</testsuite> <!-- com.softserveinc.model.persist.facade.ReviewFacadeTest -->
