<?xml version="1.0" encoding="UTF-8"?>
<!-- Generated by org.testng.reporters.JUnitReportReporter -->
<testsuite hostname="ARBON" name="com.softserveinc.booklibrary.test.manager.BookManagerTest" tests="20" failures="0" timestamp="6 Feb 2016 19:22:10 GMT" time="3.559" errors="0">
  <testcase name="testNegativeCreateBook" time="0.142" classname="com.softserveinc.booklibrary.test.manager.BookManagerTest"/>
  <testcase name="testNegativeCreateBook" time="0.082" classname="com.softserveinc.booklibrary.test.manager.BookManagerTest"/>
  <testcase name="testDeleteBook" time="0.454" classname="com.softserveinc.booklibrary.test.manager.BookManagerTest"/>
  <testcase name="testNegativeCreateBook" time="0.076" classname="com.softserveinc.booklibrary.test.manager.BookManagerTest"/>
  <testcase name="testNegativeCreateBook" time="0.090" classname="com.softserveinc.booklibrary.test.manager.BookManagerTest"/>
  <testcase name="testNegativeCreateBook" time="0.145" classname="com.softserveinc.booklibrary.test.manager.BookManagerTest"/>
  <testcase name="testCreateBook" time="0.453" classname="com.softserveinc.booklibrary.test.manager.BookManagerTest"/>
  <testcase name="testNegativeDeleteBook" time="0.060" classname="com.softserveinc.booklibrary.test.manager.BookManagerTest"/>
  <testcase name="testNegativeCreateBook" time="0.120" classname="com.softserveinc.booklibrary.test.manager.BookManagerTest"/>
  <testcase name="testNegativeCreateBook" time="0.103" classname="com.softserveinc.booklibrary.test.manager.BookManagerTest"/>
  <testcase name="testNegativeDeleteBook" time="0.037" classname="com.softserveinc.booklibrary.test.manager.BookManagerTest"/>
  <testcase name="testNegativeCreateBook" time="0.083" classname="com.softserveinc.booklibrary.test.manager.BookManagerTest"/>
  <testcase name="testUpdateBook" time="0.408" classname="com.softserveinc.booklibrary.test.manager.BookManagerTest"/>
  <testcase name="testNegativeCreateBook" time="0.089" classname="com.softserveinc.booklibrary.test.manager.BookManagerTest"/>
  <testcase name="testNegativeCreateBook" time="0.082" classname="com.softserveinc.booklibrary.test.manager.BookManagerTest"/>
  <testcase name="testNegativeCreateBook" time="0.089" classname="com.softserveinc.booklibrary.test.manager.BookManagerTest"/>
  <testcase name="testNegativeCreateBook" time="0.104" classname="com.softserveinc.booklibrary.test.manager.BookManagerTest"/>
  <testcase name="testNegativeCreateBook" time="0.074" classname="com.softserveinc.booklibrary.test.manager.BookManagerTest"/>
  <testcase name="testNegativeCreateBook" time="0.088" classname="com.softserveinc.booklibrary.test.manager.BookManagerTest"/>
  <testcase name="testBulkDelete" time="0.780" classname="com.softserveinc.booklibrary.test.manager.BookManagerTest"/>
</testsuite> <!-- com.softserveinc.booklibrary.test.manager.BookManagerTest -->
