<?xml version="1.0" encoding="UTF-8"?>
<!-- Generated by org.testng.reporters.JUnitReportReporter -->
<testsuite hostname="ARBON" name="com.softserveinc.model.persist.home.AuthorHomeTest" tests="4" failures="0" timestamp="30 Dec 2015 15:35:08 GMT" time="0.060" errors="0">
  <testcase name="testCreateAuthor" time="0.020" classname="com.softserveinc.model.persist.home.AuthorHomeTest"/>
  <testcase name="testUpdateAuthor" time="0.030" classname="com.softserveinc.model.persist.home.AuthorHomeTest"/>
  <testcase name="testFindAllAuthors" time="0.010" classname="com.softserveinc.model.persist.home.AuthorHomeTest"/>
  <testcase name="testFindByIdAuthor" time="0.000" classname="com.softserveinc.model.persist.home.AuthorHomeTest"/>
</testsuite> <!-- com.softserveinc.model.persist.home.AuthorHomeTest -->
