<?xml version="1.0" encoding="UTF-8"?>
<!-- Generated by org.testng.reporters.JUnitReportReporter -->
<testsuite hostname="ARBON" name="com.softserveinc.booklibrary.test.manager.AuthorManagerTest" tests="30" failures="0" timestamp="7 Feb 2016 19:11:04 GMT" time="3.229" errors="0">
  <testcase name="testNegativeBulkDeleteAuthors" time="0.110" classname="com.softserveinc.booklibrary.test.manager.AuthorManagerTest"/>
  <testcase name="testNegativeUpdateAuthor" time="0.061" classname="com.softserveinc.booklibrary.test.manager.AuthorManagerTest"/>
  <testcase name="testNegativeUpdateAuthor" time="0.060" classname="com.softserveinc.booklibrary.test.manager.AuthorManagerTest"/>
  <testcase name="testNegativeDeleteAuthorWithNoBooks" time="0.030" classname="com.softserveinc.booklibrary.test.manager.AuthorManagerTest"/>
  <testcase name="testNegativeUpdateAuthor" time="0.079" classname="com.softserveinc.booklibrary.test.manager.AuthorManagerTest"/>
  <testcase name="testBulkDeleteAuthor" time="0.061" classname="com.softserveinc.booklibrary.test.manager.AuthorManagerTest"/>
  <testcase name="testNegativeUpdateAuthor" time="0.057" classname="com.softserveinc.booklibrary.test.manager.AuthorManagerTest"/>
  <testcase name="testNegativeCreateAuthor" time="0.100" classname="com.softserveinc.booklibrary.test.manager.AuthorManagerTest"/>
  <testcase name="testNegativeUpdateAuthor" time="0.078" classname="com.softserveinc.booklibrary.test.manager.AuthorManagerTest"/>
  <testcase name="testDeleteAuthor" time="0.400" classname="com.softserveinc.booklibrary.test.manager.AuthorManagerTest"/>
  <testcase name="testNegativeDeleteAuthor" time="0.041" classname="com.softserveinc.booklibrary.test.manager.AuthorManagerTest"/>
  <testcase name="testNegativeDeleteAuthor" time="0.030" classname="com.softserveinc.booklibrary.test.manager.AuthorManagerTest"/>
  <testcase name="testNegativeCreateAuthor" time="0.091" classname="com.softserveinc.booklibrary.test.manager.AuthorManagerTest"/>
  <testcase name="testUpdateAuthor" time="0.330" classname="com.softserveinc.booklibrary.test.manager.AuthorManagerTest"/>
  <testcase name="testNegativeUpdateAuthor" time="0.051" classname="com.softserveinc.booklibrary.test.manager.AuthorManagerTest"/>
  <testcase name="testNegativeCreateAuthor" time="0.122" classname="com.softserveinc.booklibrary.test.manager.AuthorManagerTest"/>
  <testcase name="testNegativeCreateAuthor" time="0.082" classname="com.softserveinc.booklibrary.test.manager.AuthorManagerTest"/>
  <testcase name="testNegativeUpdateAuthor" time="0.051" classname="com.softserveinc.booklibrary.test.manager.AuthorManagerTest"/>
  <testcase name="testCreateAuthor" time="0.414" classname="com.softserveinc.booklibrary.test.manager.AuthorManagerTest"/>
  <testcase name="testNegativeUpdateAuthor" time="0.071" classname="com.softserveinc.booklibrary.test.manager.AuthorManagerTest"/>
  <testcase name="testNegativeCreateAuthor" time="0.083" classname="com.softserveinc.booklibrary.test.manager.AuthorManagerTest"/>
  <testcase name="testNegativeCreateAuthor" time="0.142" classname="com.softserveinc.booklibrary.test.manager.AuthorManagerTest"/>
  <testcase name="testNegativeUpdateAuthor" time="0.043" classname="com.softserveinc.booklibrary.test.manager.AuthorManagerTest"/>
  <testcase name="testNegativeUpdateAuthor" time="0.111" classname="com.softserveinc.booklibrary.test.manager.AuthorManagerTest"/>
  <testcase name="testNegativeCreateAuthor" time="0.071" classname="com.softserveinc.booklibrary.test.manager.AuthorManagerTest"/>
  <testcase name="testNegativeCreateAuthor" time="0.070" classname="com.softserveinc.booklibrary.test.manager.AuthorManagerTest"/>
  <testcase name="testNegativeCreateAuthor" time="0.130" classname="com.softserveinc.booklibrary.test.manager.AuthorManagerTest"/>
  <testcase name="testNegativeUpdateAuthor" time="0.061" classname="com.softserveinc.booklibrary.test.manager.AuthorManagerTest"/>
  <testcase name="testNegativeCreateAuthor" time="0.117" classname="com.softserveinc.booklibrary.test.manager.AuthorManagerTest"/>
  <testcase name="testNegativeCreateAuthor" time="0.082" classname="com.softserveinc.booklibrary.test.manager.AuthorManagerTest"/>
</testsuite> <!-- com.softserveinc.booklibrary.test.manager.AuthorManagerTest -->
