<?xml version="1.0" encoding="UTF-8"?>
<!-- Generated by org.testng.reporters.JUnitReportReporter -->
<testsuite hostname="ARBON" name="com.softserveinc.model.persist.home.AuthorHomeTest" tests="4" failures="0" timestamp="21 Dec 2015 18:59:36 GMT" time="0.080" errors="0">
  <testcase name="testUpdateAuthor" time="0.045" classname="com.softserveinc.model.persist.home.AuthorHomeTest"/>
  <testcase name="testCreateAuthor" time="0.025" classname="com.softserveinc.model.persist.home.AuthorHomeTest"/>
  <testcase name="testFindAllAuthors" time="0.006" classname="com.softserveinc.model.persist.home.AuthorHomeTest"/>
  <testcase name="testFindByIdAuthor" time="0.004" classname="com.softserveinc.model.persist.home.AuthorHomeTest"/>
</testsuite> <!-- com.softserveinc.model.persist.home.AuthorHomeTest -->
