<?xml version="1.0" encoding="UTF-8"?>
<!-- Generated by org.testng.reporters.JUnitReportReporter -->
<testsuite hostname="ARBON" name="com.softserveinc.model.persist.facade.AuthorFacadeTest" tests="2" failures="0" timestamp="23 Dec 2015 08:43:41 GMT" time="0.101" errors="0">
  <testcase name="testFindAuthorByFullName" time="0.040" classname="com.softserveinc.model.persist.facade.AuthorFacadeTest"/>
  <testcase name="testFindAllAuthorsByBook" time="0.061" classname="com.softserveinc.model.persist.facade.AuthorFacadeTest"/>
</testsuite> <!-- com.softserveinc.model.persist.facade.AuthorFacadeTest -->
