<?xml version="1.0" encoding="UTF-8"?>
<!-- Generated by org.testng.reporters.JUnitReportReporter -->
<testsuite hostname="Pavlo" name="com.softserveinc.model.persist.facade.BookFacadeTest" tests="4" failures="0" timestamp="7 Feb 2016 21:08:31 GMT" time="0.776" errors="0">
  <testcase name="testFindBookByISNBN" time="0.472" classname="com.softserveinc.model.persist.facade.BookFacadeTest"/>
  <testcase name="testFindCountBooks" time="0.015" classname="com.softserveinc.model.persist.facade.BookFacadeTest"/>
  <testcase name="testFindBookByName" time="0.039" classname="com.softserveinc.model.persist.facade.BookFacadeTest"/>
  <testcase name="testFindBooksByAuthor" time="0.250" classname="com.softserveinc.model.persist.facade.BookFacadeTest"/>
</testsuite> <!-- com.softserveinc.model.persist.facade.BookFacadeTest -->
