<?xml version="1.0" encoding="UTF-8"?>
<!-- Generated by org.testng.reporters.JUnitReportReporter -->
<testsuite hostname="ARBON" name="com.softserveinc.model.persist.facade.BookFacadeTest" tests="4" failures="0" timestamp="11 Feb 2016 14:25:44 GMT" time="0.114" errors="0">
  <testcase name="testFindCountBooks" time="0.003" classname="com.softserveinc.model.persist.facade.BookFacadeTest"/>
  <testcase name="testFindBooksByAuthor" time="0.064" classname="com.softserveinc.model.persist.facade.BookFacadeTest"/>
  <testcase name="testFindBookByName" time="0.035" classname="com.softserveinc.model.persist.facade.BookFacadeTest"/>
  <testcase name="testFindBookByISNBN" time="0.012" classname="com.softserveinc.model.persist.facade.BookFacadeTest"/>
</testsuite> <!-- com.softserveinc.model.persist.facade.BookFacadeTest -->
