<?xml version="1.0" encoding="UTF-8"?>
<!-- Generated by org.testng.reporters.JUnitReportReporter -->
<testsuite hostname="ARBON" name="test.RemoteTest" tests="1" failures="0" timestamp="4 Feb 2016 10:09:42 GMT" time="0.000" errors="1">
  <testcase name="test" time="0.000" classname="test.RemoteTest">
    <error type="java.lang.RuntimeException" message="java.lang.IllegalStateException: Incompletely deployed:

DEPLOYMENTS IN ERROR:
  Deployment &quot;DefaultDSBootstrap&quot; is in error due to: java.lang.ClassNotFoundException: org.jboss.resource.adapter.jdbc.local.LocalTxDataSource
  Deployment &quot;java:comp/Initializer&quot; is in error due to: javax.naming.NoInitialContextException: Cannot instantiate class: org.jnp.interfaces.LocalOnlyContextFactory [Root exception is java.lang.ClassNotFoundException: org.jnp.interfaces.LocalOnlyContextFactory]
  Deployment &quot;XidFactoryMBean&quot; is in error due to: java.lang.ClassNotFoundException: org.jboss.ejb3.embedded.XidFactoryMBean
  Deployment &quot;XidFactory&quot; is in error due to: java.lang.ClassNotFoundException: org.jboss.tm.XidFactoryImpl

DEPLOYMENTS MISSING DEPENDENCIES:
  Deployment &quot;DefaultDS&quot; is missing the following dependencies:
    Dependency &quot;DefaultDSBootstrap&quot; (should be in state &quot;Installed&quot;, but is actually in state &quot;**ERROR**&quot;)
">
      <![CDATA[java.lang.RuntimeException: java.lang.IllegalStateException: Incompletely deployed:

DEPLOYMENTS IN ERROR:
  Deployment "DefaultDSBootstrap" is in error due to: java.lang.ClassNotFoundException: org.jboss.resource.adapter.jdbc.local.LocalTxDataSource
  Deployment "java:comp/Initializer" is in error due to: javax.naming.NoInitialContextException: Cannot instantiate class: org.jnp.interfaces.LocalOnlyContextFactory [Root exception is java.lang.ClassNotFoundException: org.jnp.interfaces.LocalOnlyContextFactory]
  Deployment "XidFactoryMBean" is in error due to: java.lang.ClassNotFoundException: org.jboss.ejb3.embedded.XidFactoryMBean
  Deployment "XidFactory" is in error due to: java.lang.ClassNotFoundException: org.jboss.tm.XidFactoryImpl

DEPLOYMENTS MISSING DEPENDENCIES:
  Deployment "DefaultDS" is missing the following dependencies:
    Dependency "DefaultDSBootstrap" (should be in state "Installed", but is actually in state "**ERROR**")

	at org.jboss.ejb3.embedded.EJB3StandaloneBootstrap.boot(EJB3StandaloneBootstrap.java:386)
	at test.RemoteTest.startupEmbeddedContainer(RemoteTest.java:29)
	at test.RemoteTest.init(RemoteTest.java:48)
	at sun.reflect.NativeMethodAccessorImpl.invoke0(Native Method)
	at sun.reflect.NativeMethodAccessorImpl.invoke(NativeMethodAccessorImpl.java:62)
	at sun.reflect.DelegatingMethodAccessorImpl.invoke(DelegatingMethodAccessorImpl.java:43)
	at java.lang.reflect.Method.invoke(Method.java:497)
	at org.testng.internal.MethodInvocationHelper.invokeMethod(MethodInvocationHelper.java:85)
	at org.testng.internal.Invoker.invokeConfigurationMethod(Invoker.java:510)
	at org.testng.internal.Invoker.invokeConfigurations(Invoker.java:211)
	at org.testng.internal.Invoker.invokeConfigurations(Invoker.java:138)
	at org.testng.internal.TestMethodWorker.invokeBeforeClassMethods(TestMethodWorker.java:170)
	at org.testng.internal.TestMethodWorker.run(TestMethodWorker.java:104)
	at org.testng.TestRunner.privateRun(TestRunner.java:774)
	at org.testng.TestRunner.run(TestRunner.java:624)
	at org.testng.SuiteRunner.runTest(SuiteRunner.java:359)
	at org.testng.SuiteRunner.runSequentially(SuiteRunner.java:354)
	at org.testng.SuiteRunner.privateRun(SuiteRunner.java:312)
	at org.testng.SuiteRunner.run(SuiteRunner.java:261)
	at org.testng.SuiteRunnerWorker.runSuite(SuiteRunnerWorker.java:52)
	at org.testng.SuiteRunnerWorker.run(SuiteRunnerWorker.java:86)
	at org.testng.TestNG.runSuitesSequentially(TestNG.java:1215)
	at org.testng.TestNG.runSuitesLocally(TestNG.java:1140)
	at org.testng.TestNG.run(TestNG.java:1048)
	at org.testng.remote.RemoteTestNG.run(RemoteTestNG.java:112)
	at org.testng.remote.RemoteTestNG.initAndRun(RemoteTestNG.java:205)
	at org.testng.remote.RemoteTestNG.main(RemoteTestNG.java:176)
Caused by: java.lang.IllegalStateException: Incompletely deployed:

DEPLOYMENTS IN ERROR:
  Deployment "DefaultDSBootstrap" is in error due to: java.lang.ClassNotFoundException: org.jboss.resource.adapter.jdbc.local.LocalTxDataSource
  Deployment "java:comp/Initializer" is in error due to: javax.naming.NoInitialContextException: Cannot instantiate class: org.jnp.interfaces.LocalOnlyContextFactory [Root exception is java.lang.ClassNotFoundException: org.jnp.interfaces.LocalOnlyContextFactory]
  Deployment "XidFactoryMBean" is in error due to: java.lang.ClassNotFoundException: org.jboss.ejb3.embedded.XidFactoryMBean
  Deployment "XidFactory" is in error due to: java.lang.ClassNotFoundException: org.jboss.tm.XidFactoryImpl

DEPLOYMENTS MISSING DEPENDENCIES:
  Deployment "DefaultDS" is missing the following dependencies:
    Dependency "DefaultDSBootstrap" (should be in state "Installed", but is actually in state "**ERROR**")

	at org.jboss.kernel.plugins.deployment.AbstractKernelDeployer.internalValidate(AbstractKernelDeployer.java:278)
	at org.jboss.kernel.plugins.deployment.AbstractKernelDeployer.validate(AbstractKernelDeployer.java:174)
	at org.jboss.ejb3.embedded.EJB3StandaloneBootstrap.boot(EJB3StandaloneBootstrap.java:374)
	... 26 more
]]>
    </error>
  </testcase> <!-- test -->
</testsuite> <!-- test.RemoteTest -->
