<?xml version="1.0" encoding="UTF-8"?>
<!-- Generated by org.testng.reporters.JUnitReportReporter -->
<testsuite hostname="ARBON" name="com.softserveinc.booklibrary.test.manager.AuthorManagerTest" tests="30" failures="0" timestamp="11 Feb 2016 14:25:44 GMT" time="3.490" errors="0">
  <testcase name="testNegativeBulkDeleteAuthors" time="0.482" classname="com.softserveinc.booklibrary.test.manager.AuthorManagerTest"/>
  <testcase name="testNegativeCreateAuthor" time="0.063" classname="com.softserveinc.booklibrary.test.manager.AuthorManagerTest"/>
  <testcase name="testNegativeCreateAuthor" time="0.068" classname="com.softserveinc.booklibrary.test.manager.AuthorManagerTest"/>
  <testcase name="testBulkDeleteAuthor" time="0.041" classname="com.softserveinc.booklibrary.test.manager.AuthorManagerTest"/>
  <testcase name="testNegativeCreateAuthor" time="0.237" classname="com.softserveinc.booklibrary.test.manager.AuthorManagerTest"/>
  <testcase name="testNegativeDeleteAuthor" time="0.030" classname="com.softserveinc.booklibrary.test.manager.AuthorManagerTest"/>
  <testcase name="testNegativeCreateAuthor" time="0.057" classname="com.softserveinc.booklibrary.test.manager.AuthorManagerTest"/>
  <testcase name="testNegativeCreateAuthor" time="0.060" classname="com.softserveinc.booklibrary.test.manager.AuthorManagerTest"/>
  <testcase name="testNegativeDeleteAuthor" time="0.027" classname="com.softserveinc.booklibrary.test.manager.AuthorManagerTest"/>
  <testcase name="testNegativeUpdateAuthor" time="0.062" classname="com.softserveinc.booklibrary.test.manager.AuthorManagerTest"/>
  <testcase name="testNegativeUpdateAuthor" time="0.059" classname="com.softserveinc.booklibrary.test.manager.AuthorManagerTest"/>
  <testcase name="testNegativeCreateAuthor" time="0.066" classname="com.softserveinc.booklibrary.test.manager.AuthorManagerTest"/>
  <testcase name="testNegativeCreateAuthor" time="0.070" classname="com.softserveinc.booklibrary.test.manager.AuthorManagerTest"/>
  <testcase name="testNegativeUpdateAuthor" time="0.061" classname="com.softserveinc.booklibrary.test.manager.AuthorManagerTest"/>
  <testcase name="testNegativeUpdateAuthor" time="0.060" classname="com.softserveinc.booklibrary.test.manager.AuthorManagerTest"/>
  <testcase name="testNegativeCreateAuthor" time="0.076" classname="com.softserveinc.booklibrary.test.manager.AuthorManagerTest"/>
  <testcase name="testNegativeCreateAuthor" time="0.069" classname="com.softserveinc.booklibrary.test.manager.AuthorManagerTest"/>
  <testcase name="testNegativeUpdateAuthor" time="0.072" classname="com.softserveinc.booklibrary.test.manager.AuthorManagerTest"/>
  <testcase name="testCreateAuthor" time="0.632" classname="com.softserveinc.booklibrary.test.manager.AuthorManagerTest"/>
  <testcase name="testNegativeCreateAuthor" time="0.056" classname="com.softserveinc.booklibrary.test.manager.AuthorManagerTest"/>
  <testcase name="testNegativeUpdateAuthor" time="0.053" classname="com.softserveinc.booklibrary.test.manager.AuthorManagerTest"/>
  <testcase name="testNegativeUpdateAuthor" time="0.046" classname="com.softserveinc.booklibrary.test.manager.AuthorManagerTest"/>
  <testcase name="testNegativeUpdateAuthor" time="0.092" classname="com.softserveinc.booklibrary.test.manager.AuthorManagerTest"/>
  <testcase name="testNegativeUpdateAuthor" time="0.073" classname="com.softserveinc.booklibrary.test.manager.AuthorManagerTest"/>
  <testcase name="testNegativeUpdateAuthor" time="0.061" classname="com.softserveinc.booklibrary.test.manager.AuthorManagerTest"/>
  <testcase name="testDeleteAuthor" time="0.272" classname="com.softserveinc.booklibrary.test.manager.AuthorManagerTest"/>
  <testcase name="testNegativeDeleteAuthorWithNoBooks" time="0.035" classname="com.softserveinc.booklibrary.test.manager.AuthorManagerTest"/>
  <testcase name="testNegativeUpdateAuthor" time="0.059" classname="com.softserveinc.booklibrary.test.manager.AuthorManagerTest"/>
  <testcase name="testUpdateAuthor" time="0.359" classname="com.softserveinc.booklibrary.test.manager.AuthorManagerTest"/>
  <testcase name="testNegativeCreateAuthor" time="0.092" classname="com.softserveinc.booklibrary.test.manager.AuthorManagerTest"/>
</testsuite> <!-- com.softserveinc.booklibrary.test.manager.AuthorManagerTest -->
