<?xml version="1.0" encoding="UTF-8"?>
<!-- Generated by org.testng.reporters.JUnitReportReporter -->
<testsuite hostname="ARBON" name="com.softserveinc.model.persist.home.BookHomeTest" tests="5" failures="0" timestamp="30 Dec 2015 15:35:08 GMT" time="0.341" errors="0">
  <testcase name="testCreateBook" time="0.191" classname="com.softserveinc.model.persist.home.BookHomeTest"/>
  <testcase name="testCreateBookWithAuthors" time="0.070" classname="com.softserveinc.model.persist.home.BookHomeTest"/>
  <testcase name="testUpdateBook" time="0.040" classname="com.softserveinc.model.persist.home.BookHomeTest"/>
  <testcase name="testFindAllBooks" time="0.030" classname="com.softserveinc.model.persist.home.BookHomeTest"/>
  <testcase name="testFindByIdBook" time="0.010" classname="com.softserveinc.model.persist.home.BookHomeTest"/>
</testsuite> <!-- com.softserveinc.model.persist.home.BookHomeTest -->
