<?xml version="1.0" encoding="UTF-8"?>
<!-- Generated by org.testng.reporters.JUnitReportReporter -->
<testsuite hostname="Pavlo" name="com.softserveinc.model.persist.facade.BookFacadeTest" tests="4" failures="0" timestamp="20 Dec 2015 22:20:55 GMT" time="0.065" errors="0">
  <testcase name="testFindBookByISNBN" time="0.007" classname="com.softserveinc.model.persist.facade.BookFacadeTest"/>
  <testcase name="testFindBooksByAuthor" time="0.042" classname="com.softserveinc.model.persist.facade.BookFacadeTest"/>
  <testcase name="testFindBooksByPublisher" time="0.007" classname="com.softserveinc.model.persist.facade.BookFacadeTest"/>
  <testcase name="testFindBookByName" time="0.009" classname="com.softserveinc.model.persist.facade.BookFacadeTest"/>
</testsuite> <!-- com.softserveinc.model.persist.facade.BookFacadeTest -->
