<?xml version="1.0" encoding="UTF-8"?>
<!-- Generated by org.testng.reporters.JUnitReportReporter -->
<testsuite hostname="ARBON" name="com.softserveinc.model.persist.facade.ReviewFacadeTest" tests="2" failures="0" timestamp="12 Feb 2016 09:37:39 GMT" time="0.062" errors="0">
  <testcase name="testFindAverageRatingForBook" time="0.011" classname="com.softserveinc.model.persist.facade.ReviewFacadeTest"/>
  <testcase name="testFindAllReviewsByCommenter" time="0.051" classname="com.softserveinc.model.persist.facade.ReviewFacadeTest"/>
</testsuite> <!-- com.softserveinc.model.persist.facade.ReviewFacadeTest -->
