<?xml version="1.0" encoding="UTF-8"?>
<!-- Generated by org.testng.reporters.JUnitReportReporter -->
<testsuite hostname="ARBON" name="com.softserveinc.model.persist.home.ReviewHomeTest" tests="4" failures="0" timestamp="30 Dec 2015 15:35:08 GMT" time="0.140" errors="0">
  <testcase name="testCreateBook" time="0.070" classname="com.softserveinc.model.persist.home.ReviewHomeTest"/>
  <testcase name="testFindByIdBook" time="0.010" classname="com.softserveinc.model.persist.home.ReviewHomeTest"/>
  <testcase name="testUpdateReview" time="0.040" classname="com.softserveinc.model.persist.home.ReviewHomeTest"/>
  <testcase name="testFindAllReviews" time="0.020" classname="com.softserveinc.model.persist.home.ReviewHomeTest"/>
</testsuite> <!-- com.softserveinc.model.persist.home.ReviewHomeTest -->
