<?xml version="1.0" encoding="UTF-8"?>
<!-- Generated by org.testng.reporters.JUnitReportReporter -->
<testsuite hostname="ARBON" name="com.softserveinc.model.persist.facade.BookFacadeTest" tests="4" failures="0" timestamp="12 Feb 2016 09:37:39 GMT" time="0.082" errors="0">
  <testcase name="testFindBookByName" time="0.008" classname="com.softserveinc.model.persist.facade.BookFacadeTest"/>
  <testcase name="testFindBookByISNBN" time="0.008" classname="com.softserveinc.model.persist.facade.BookFacadeTest"/>
  <testcase name="testFindCountBooks" time="0.003" classname="com.softserveinc.model.persist.facade.BookFacadeTest"/>
  <testcase name="testFindBooksByAuthor" time="0.063" classname="com.softserveinc.model.persist.facade.BookFacadeTest"/>
</testsuite> <!-- com.softserveinc.model.persist.facade.BookFacadeTest -->
