<?xml version="1.0" encoding="UTF-8"?>
<!-- Generated by org.testng.reporters.JUnitReportReporter -->
<testsuite hostname="Pavlo" name="com.softserveinc.model.persist.facade.ReviewFacadeTest" tests="2" failures="0" timestamp="20 Dec 2015 22:20:55 GMT" time="0.022" errors="0">
  <testcase name="testFindAllReviewsByCommenter" time="0.010" classname="com.softserveinc.model.persist.facade.ReviewFacadeTest"/>
  <testcase name="testFindAverageRatingForBook" time="0.012" classname="com.softserveinc.model.persist.facade.ReviewFacadeTest"/>
</testsuite> <!-- com.softserveinc.model.persist.facade.ReviewFacadeTest -->
