<?xml version="1.0" encoding="UTF-8"?>
<!-- Generated by org.testng.reporters.JUnitReportReporter -->
<testsuite hostname="ARBON" name="com.softserveinc.booklibrary.test.manager.BookManagerTest" tests="1" failures="0" timestamp="11 Feb 2016 14:25:44 GMT" time="0.760" errors="0">
  <testcase name="testCreateBook" time="0.760" classname="com.softserveinc.booklibrary.test.manager.BookManagerTest"/>
</testsuite> <!-- com.softserveinc.booklibrary.test.manager.BookManagerTest -->
