<?xml version="1.0" encoding="UTF-8"?>
<!-- Generated by org.testng.reporters.JUnitReportReporter -->
<testsuite hostname="ARBON" name="com.softserveinc.model.persist.home.BookHomeTest" tests="7" failures="0" timestamp="15 Jan 2016 16:03:37 GMT" time="0.713" errors="0">
  <testcase name="testUpdateBook" time="0.078" classname="com.softserveinc.model.persist.home.BookHomeTest"/>
  <testcase name="testFindAllBooks" time="0.047" classname="com.softserveinc.model.persist.home.BookHomeTest"/>
  <testcase name="testCreateBookWithAlreadyExistISBN" time="0.031" classname="com.softserveinc.model.persist.home.BookHomeTest"/>
  <testcase name="testCreateBookWithAuthors" time="0.063" classname="com.softserveinc.model.persist.home.BookHomeTest"/>
  <testcase name="testDeleteBook" time="0.306" classname="com.softserveinc.model.persist.home.BookHomeTest"/>
  <testcase name="testCreateBook" time="0.172" classname="com.softserveinc.model.persist.home.BookHomeTest"/>
  <testcase name="testFindByIdBook" time="0.016" classname="com.softserveinc.model.persist.home.BookHomeTest"/>
</testsuite> <!-- com.softserveinc.model.persist.home.BookHomeTest -->
