<?xml version="1.0" encoding="UTF-8"?>
<!-- Generated by org.testng.reporters.JUnitReportReporter -->
<testsuite hostname="ARBON" name="com.softserveinc.model.persist.home.AuthorHomeTest" tests="4" failures="0" timestamp="23 Dec 2015 08:43:41 GMT" time="0.090" errors="0">
  <testcase name="testUpdateAuthor" time="0.050" classname="com.softserveinc.model.persist.home.AuthorHomeTest"/>
  <testcase name="testCreateAuthor" time="0.030" classname="com.softserveinc.model.persist.home.AuthorHomeTest"/>
  <testcase name="testFindAllAuthors" time="0.010" classname="com.softserveinc.model.persist.home.AuthorHomeTest"/>
  <testcase name="testFindByIdAuthor" time="0.000" classname="com.softserveinc.model.persist.home.AuthorHomeTest"/>
</testsuite> <!-- com.softserveinc.model.persist.home.AuthorHomeTest -->
