<?xml version="1.0" encoding="UTF-8"?>
<!-- Generated by org.testng.reporters.JUnitReportReporter -->
<testsuite hostname="ARBON" name="com.softserveinc.model.persist.facade.BookFacadeTest" tests="4" failures="0" timestamp="30 Dec 2015 15:35:08 GMT" time="0.040" errors="0">
  <testcase name="testFindCountBooks" time="0.010" classname="com.softserveinc.model.persist.facade.BookFacadeTest"/>
  <testcase name="testFindBookByName" time="0.010" classname="com.softserveinc.model.persist.facade.BookFacadeTest"/>
  <testcase name="testFindBookByISNBN" time="0.010" classname="com.softserveinc.model.persist.facade.BookFacadeTest"/>
  <testcase name="testFindBooksByPublisher" time="0.010" classname="com.softserveinc.model.persist.facade.BookFacadeTest"/>
</testsuite> <!-- com.softserveinc.model.persist.facade.BookFacadeTest -->
