<?xml version="1.0" encoding="UTF-8"?>
<!-- Generated by org.testng.reporters.JUnitReportReporter -->
<testsuite hostname="Pavlo" name="com.softserveinc.model.persist.facade.AuthorFacadeTest" tests="2" failures="0" timestamp="7 Feb 2016 21:09:15 GMT" time="0.520" errors="0">
  <testcase name="testFindAuthorByFullName" time="0.019" classname="com.softserveinc.model.persist.facade.AuthorFacadeTest"/>
  <testcase name="testFindAllAuthorsByBook" time="0.501" classname="com.softserveinc.model.persist.facade.AuthorFacadeTest"/>
</testsuite> <!-- com.softserveinc.model.persist.facade.AuthorFacadeTest -->
