<?xml version="1.0" encoding="UTF-8"?>
<!-- Generated by org.testng.reporters.JUnitReportReporter -->
<testsuite hostname="ARBON" name="com.softserveinc.model.persist.facade.ReviewFacadeTest" tests="1" failures="0" timestamp="30 Dec 2015 15:35:08 GMT" time="0.020" errors="0">
  <testcase name="testFindAllReviewsByCommenter" time="0.020" classname="com.softserveinc.model.persist.facade.ReviewFacadeTest"/>
</testsuite> <!-- com.softserveinc.model.persist.facade.ReviewFacadeTest -->
