<?xml version="1.0" encoding="UTF-8"?>
<!-- Generated by org.testng.reporters.JUnitReportReporter -->
<<<<<<< HEAD
<testsuite hostname="Pavlo" name="com.softserveinc.model.persist.home.BookHomeTest" tests="7" failures="0" timestamp="11 Jan 2016 22:04:25 GMT" time="1.277" errors="0">
  <testcase name="testUpdateBook" time="0.139" classname="com.softserveinc.model.persist.home.BookHomeTest"/>
  <testcase name="testFindByIdBook" time="0.019" classname="com.softserveinc.model.persist.home.BookHomeTest"/>
  <testcase name="testCreateBook" time="0.263" classname="com.softserveinc.model.persist.home.BookHomeTest"/>
  <testcase name="testFindAllBooks" time="0.097" classname="com.softserveinc.model.persist.home.BookHomeTest"/>
  <testcase name="testCreateBookWithAlreadyExistISBN" time="0.073" classname="com.softserveinc.model.persist.home.BookHomeTest"/>
  <testcase name="testDeleteBook" time="0.618" classname="com.softserveinc.model.persist.home.BookHomeTest"/>
  <testcase name="testCreateBookWithAuthors" time="0.068" classname="com.softserveinc.model.persist.home.BookHomeTest"/>
=======
<testsuite hostname="Pavlo" name="com.softserveinc.model.persist.home.BookHomeTest" tests="7" failures="0" timestamp="10 Jan 2016 19:11:37 GMT" time="1.622" errors="0">
  <testcase name="testCreateBookWithAlreadyExistISBN" time="0.207" classname="com.softserveinc.model.persist.home.BookHomeTest"/>
  <testcase name="testDeleteBook" time="0.671" classname="com.softserveinc.model.persist.home.BookHomeTest"/>
  <testcase name="testFindAllBooks" time="0.099" classname="com.softserveinc.model.persist.home.BookHomeTest"/>
  <testcase name="testCreateBookWithAuthors" time="0.105" classname="com.softserveinc.model.persist.home.BookHomeTest"/>
  <testcase name="testUpdateBook" time="0.208" classname="com.softserveinc.model.persist.home.BookHomeTest"/>
  <testcase name="testFindByIdBook" time="0.019" classname="com.softserveinc.model.persist.home.BookHomeTest"/>
  <testcase name="testCreateBook" time="0.313" classname="com.softserveinc.model.persist.home.BookHomeTest"/>
>>>>>>> 3feb78e6b37368fa7603578dc743b470bac4e7bc
</testsuite> <!-- com.softserveinc.model.persist.home.BookHomeTest -->
