<?xml version="1.0" encoding="UTF-8"?>
<!-- Generated by org.testng.reporters.JUnitReportReporter -->
<testsuite hostname="ARBON" name="com.softserveinc.model.persist.facade.ReviewFacadeTest" tests="2" failures="0" timestamp="23 Dec 2015 08:43:41 GMT" time="0.040" errors="0">
  <testcase name="testFindAverageRatingForBook" time="0.030" classname="com.softserveinc.model.persist.facade.ReviewFacadeTest"/>
  <testcase name="testFindAllReviewsByCommenter" time="0.010" classname="com.softserveinc.model.persist.facade.ReviewFacadeTest"/>
</testsuite> <!-- com.softserveinc.model.persist.facade.ReviewFacadeTest -->
