<?xml version="1.0" encoding="UTF-8"?>
<!-- Generated by org.testng.reporters.JUnitReportReporter -->
<testsuite hostname="Pavlo" name="com.softserveinc.model.persist.home.BookHomeTest" tests="7" failures="0" timestamp="18 Jan 2016 21:43:40 GMT" time="1.376" errors="0">
  <testcase name="testDeleteBook" time="0.570" classname="com.softserveinc.model.persist.home.BookHomeTest"/>
  <testcase name="testCreateBookWithAlreadyExistISBN" time="0.074" classname="com.softserveinc.model.persist.home.BookHomeTest"/>
  <testcase name="testFindByIdBook" time="0.019" classname="com.softserveinc.model.persist.home.BookHomeTest"/>
  <testcase name="testCreateBook" time="0.445" classname="com.softserveinc.model.persist.home.BookHomeTest"/>
  <testcase name="testFindAllBooks" time="0.097" classname="com.softserveinc.model.persist.home.BookHomeTest"/>
  <testcase name="testCreateBookWithAuthors" time="0.049" classname="com.softserveinc.model.persist.home.BookHomeTest"/>
  <testcase name="testUpdateBook" time="0.122" classname="com.softserveinc.model.persist.home.BookHomeTest"/>
</testsuite> <!-- com.softserveinc.model.persist.home.BookHomeTest -->
