<?xml version="1.0" encoding="UTF-8"?>
<!-- Generated by org.testng.reporters.JUnitReportReporter -->
<testsuite hostname="Pavlo" name="com.softserveinc.model.persist.home.BookHomeTest" tests="7" failures="0" timestamp="12 Jan 2016 21:22:27 GMT" time="1.590" errors="0">
  <testcase name="testDeleteBook" time="0.572" classname="com.softserveinc.model.persist.home.BookHomeTest"/>
  <testcase name="testCreateBookWithAlreadyExistISBN" time="0.229" classname="com.softserveinc.model.persist.home.BookHomeTest"/>
  <testcase name="testCreateBookWithAuthors" time="0.097" classname="com.softserveinc.model.persist.home.BookHomeTest"/>
  <testcase name="testFindAllBooks" time="0.125" classname="com.softserveinc.model.persist.home.BookHomeTest"/>
  <testcase name="testFindByIdBook" time="0.020" classname="com.softserveinc.model.persist.home.BookHomeTest"/>
  <testcase name="testCreateBook" time="0.432" classname="com.softserveinc.model.persist.home.BookHomeTest"/>
  <testcase name="testUpdateBook" time="0.115" classname="com.softserveinc.model.persist.home.BookHomeTest"/>
</testsuite> <!-- com.softserveinc.model.persist.home.BookHomeTest -->
