<?xml version="1.0" encoding="UTF-8"?>
<!-- Generated by org.testng.reporters.JUnitReportReporter -->
<testsuite hostname="ARBON" name="com.softserveinc.booklibrary.test.manager.BookManagerTest" tests="20" failures="0" timestamp="7 Feb 2016 19:14:02 GMT" time="3.642" errors="0">
  <testcase name="testCreateBook" time="0.482" classname="com.softserveinc.booklibrary.test.manager.BookManagerTest"/>
  <testcase name="testNegativeDeleteBook" time="0.040" classname="com.softserveinc.booklibrary.test.manager.BookManagerTest"/>
  <testcase name="testNegativeCreateBook" time="0.082" classname="com.softserveinc.booklibrary.test.manager.BookManagerTest"/>
  <testcase name="testDeleteBook" time="0.460" classname="com.softserveinc.booklibrary.test.manager.BookManagerTest"/>
  <testcase name="testNegativeCreateBook" time="0.090" classname="com.softserveinc.booklibrary.test.manager.BookManagerTest"/>
  <testcase name="testNegativeCreateBook" time="0.082" classname="com.softserveinc.booklibrary.test.manager.BookManagerTest"/>
  <testcase name="testNegativeCreateBook" time="0.102" classname="com.softserveinc.booklibrary.test.manager.BookManagerTest"/>
  <testcase name="testNegativeCreateBook" time="0.061" classname="com.softserveinc.booklibrary.test.manager.BookManagerTest"/>
  <testcase name="testNegativeCreateBook" time="0.070" classname="com.softserveinc.booklibrary.test.manager.BookManagerTest"/>
  <testcase name="testNegativeCreateBook" time="0.142" classname="com.softserveinc.booklibrary.test.manager.BookManagerTest"/>
  <testcase name="testNegativeCreateBook" time="0.092" classname="com.softserveinc.booklibrary.test.manager.BookManagerTest"/>
  <testcase name="testNegativeCreateBook" time="0.122" classname="com.softserveinc.booklibrary.test.manager.BookManagerTest"/>
  <testcase name="testNegativeCreateBook" time="0.060" classname="com.softserveinc.booklibrary.test.manager.BookManagerTest"/>
  <testcase name="testNegativeCreateBook" time="0.090" classname="com.softserveinc.booklibrary.test.manager.BookManagerTest"/>
  <testcase name="testNegativeCreateBook" time="0.112" classname="com.softserveinc.booklibrary.test.manager.BookManagerTest"/>
  <testcase name="testUpdateBook" time="0.440" classname="com.softserveinc.booklibrary.test.manager.BookManagerTest"/>
  <testcase name="testNegativeDeleteBook" time="0.040" classname="com.softserveinc.booklibrary.test.manager.BookManagerTest"/>
  <testcase name="testNegativeCreateBook" time="0.081" classname="com.softserveinc.booklibrary.test.manager.BookManagerTest"/>
  <testcase name="testNegativeCreateBook" time="0.110" classname="com.softserveinc.booklibrary.test.manager.BookManagerTest"/>
  <testcase name="testBulkDelete" time="0.884" classname="com.softserveinc.booklibrary.test.manager.BookManagerTest"/>
</testsuite> <!-- com.softserveinc.booklibrary.test.manager.BookManagerTest -->
